[debug] [2021-11-14T16:21:55.740Z] ----------------------------------------------------------------------
[debug] [2021-11-14T16:21:55.742Z] Command:       /usr/local/bin/node /usr/local/bin/firebase serve
[debug] [2021-11-14T16:21:55.742Z] CLI Version:   9.16.6
[debug] [2021-11-14T16:21:55.742Z] Platform:      darwin
[debug] [2021-11-14T16:21:55.742Z] Node Version:  v14.17.5
[debug] [2021-11-14T16:21:55.748Z] Time:          Sun Nov 14 2021 21:51:55 GMT+0530 (India Standard Time)
[debug] [2021-11-14T16:21:55.748Z] ----------------------------------------------------------------------
[debug] 
[debug] [2021-11-14T16:21:55.750Z] >>> [apiv2][query] GET https://firebase-public.firebaseio.com/cli.json [none]
[debug] [2021-11-14T16:21:55.810Z] > command requires scopes: ["email","openid","https://www.googleapis.com/auth/cloudplatformprojects.readonly","https://www.googleapis.com/auth/firebase","https://www.googleapis.com/auth/cloud-platform"]
[debug] [2021-11-14T16:21:55.811Z] > authorizing via signed-in user (cyclenetworkgrow@gmail.com)
[debug] [2021-11-14T16:21:55.811Z] [iam] checking project challenge1177 for permissions ["firebase.projects.get"]
[debug] [2021-11-14T16:21:55.812Z] > refreshing access token with scopes: ["email","https://www.googleapis.com/auth/cloud-platform","https://www.googleapis.com/auth/cloudplatformprojects.readonly","https://www.googleapis.com/auth/firebase","openid"]
[debug] [2021-11-14T16:21:55.812Z] >>> HTTP REQUEST POST https://www.googleapis.com/oauth2/v3/token  
 <request body omitted>
[debug] [2021-11-14T16:21:56.152Z] <<< HTTP RESPONSE 200 {"pragma":"no-cache","cache-control":"no-cache, no-store, max-age=0, must-revalidate","date":"Sun, 14 Nov 2021 16:21:56 GMT","expires":"Mon, 01 Jan 1990 00:00:00 GMT","content-type":"application/json; charset=utf-8","vary":"X-Origin, Referer, Origin,Accept-Encoding","server":"scaffolding on HTTPServer2","x-xss-protection":"0","x-frame-options":"SAMEORIGIN","x-content-type-options":"nosniff","alt-svc":"clear","accept-ranges":"none","transfer-encoding":"chunked"}
[debug] [2021-11-14T16:21:56.238Z] >>> HTTP REQUEST POST https://cloudresourcemanager.googleapis.com/v1/projects/challenge1177:testIamPermissions  
 {"permissions":["firebase.projects.get"]}
[debug] [2021-11-14T16:21:56.868Z] <<< [apiv2][status] GET https://firebase-public.firebaseio.com/cli.json 200
[debug] [2021-11-14T16:21:56.868Z] <<< [apiv2][body] GET https://firebase-public.firebaseio.com/cli.json {"cloudBuildErrorAfter":1594252800000,"cloudBuildWarnAfter":1590019200000,"defaultNode10After":1594252800000,"minVersion":"3.0.5","node8DeploysDisabledAfter":1613390400000,"node8RuntimeDisabledAfter":1615809600000,"node8WarnAfter":1600128000000}
[debug] [2021-11-14T16:21:57.902Z] <<< HTTP RESPONSE 200 {"content-type":"application/json; charset=UTF-8","vary":"X-Origin, Referer, Origin,Accept-Encoding","date":"Sun, 14 Nov 2021 16:21:57 GMT","server":"ESF","cache-control":"private","x-xss-protection":"0","x-frame-options":"SAMEORIGIN","x-content-type-options":"nosniff","server-timing":"gfet4t7; dur=1331","alt-svc":"clear","accept-ranges":"none","transfer-encoding":"chunked"}
[debug] [2021-11-14T16:21:57.904Z] > refreshing access token with scopes: []
[debug] [2021-11-14T16:21:57.904Z] >>> HTTP REQUEST POST https://www.googleapis.com/oauth2/v3/token  
 <request body omitted>
[debug] [2021-11-14T16:21:58.242Z] <<< HTTP RESPONSE 200 {"pragma":"no-cache","expires":"Mon, 01 Jan 1990 00:00:00 GMT","date":"Sun, 14 Nov 2021 16:21:58 GMT","cache-control":"no-cache, no-store, max-age=0, must-revalidate","content-type":"application/json; charset=utf-8","vary":"X-Origin, Referer, Origin,Accept-Encoding","server":"scaffolding on HTTPServer2","x-xss-protection":"0","x-frame-options":"SAMEORIGIN","x-content-type-options":"nosniff","alt-svc":"clear","accept-ranges":"none","transfer-encoding":"chunked"}
[debug] [2021-11-14T16:21:58.310Z] >>> [apiv2][query] GET https://firebase.googleapis.com/v1beta1/projects/challenge1177 [none]
[debug] [2021-11-14T16:21:58.880Z] <<< [apiv2][status] GET https://firebase.googleapis.com/v1beta1/projects/challenge1177 200
[debug] [2021-11-14T16:21:58.880Z] <<< [apiv2][body] GET https://firebase.googleapis.com/v1beta1/projects/challenge1177 {"projectId":"challenge1177","projectNumber":"59705937323","displayName":"LetsCNG","name":"projects/challenge1177","resources":{"hostingSite":"challenge1177","realtimeDatabaseInstance":"challenge1177-default-rtdb","storageBucket":"challenge1177.appspot.com","locationId":"asia-southeast2"},"state":"ACTIVE"}
[info] 
[info] === Serving from '/Users/rads284/Desktop/1177'...
[info] 
[debug] [2021-11-14T16:21:58.882Z] >>> [apiv2][query] GET https://firebasehosting.googleapis.com/v1beta1/projects/challenge1177/sites 
